This file contains any messages produced by compilers while
running configure, to aid debugging if configure makes a mistake.

It was created by xbmc configure 11.0, which was
generated by GNU Autoconf 2.67.  Invocation command line was

  $ /home/fred/Xbmc/xbmc/configure 

## --------- ##
## Platform. ##
## --------- ##

hostname = ubbie
uname -m = i686
uname -r = 2.6.38-12-generic
uname -s = Linux
uname -v = #51-Ubuntu SMP Wed Sep 28 14:25:20 UTC 2011

/usr/bin/uname -p = unknown
/bin/uname -X     = unknown

/bin/arch              = unknown
/usr/bin/arch -k       = unknown
/usr/convex/getsysinfo = unknown
/usr/bin/hostinfo      = unknown
/bin/machine           = unknown
/usr/bin/oslevel       = unknown
/bin/universe          = unknown

PATH: /usr/local/sbin
PATH: /usr/local/bin
PATH: /usr/sbin
PATH: /usr/bin
PATH: /sbin
PATH: /bin
PATH: /usr/games


## ----------- ##
## Core tests. ##
## ----------- ##

configure:3462: checking for a BSD-compatible install
configure:3530: result: /usr/bin/install -c
configure:3541: checking whether build environment is sane
configure:3591: result: yes
configure:3732: checking for a thread-safe mkdir -p
configure:3771: result: /bin/mkdir -p
configure:3784: checking for gawk
configure:3800: found /usr/bin/gawk
configure:3811: result: gawk
configure:3822: checking whether make sets $(MAKE)
configure:3844: result: yes
configure:3868: error: source directory already configured; run "make distclean" there first

## ---------------- ##
## Cache variables. ##
## ---------------- ##

ac_cv_env_ALSA_CFLAGS_set=
ac_cv_env_ALSA_CFLAGS_value=
ac_cv_env_ALSA_LIBS_set=
ac_cv_env_ALSA_LIBS_value=
ac_cv_env_CCC_set=
ac_cv_env_CCC_value=
ac_cv_env_CC_set=
ac_cv_env_CC_value=
ac_cv_env_CDIO_CFLAGS_set=
ac_cv_env_CDIO_CFLAGS_value=
ac_cv_env_CDIO_LIBS_set=
ac_cv_env_CDIO_LIBS_value=
ac_cv_env_CEC_CFLAGS_set=
ac_cv_env_CEC_CFLAGS_value=
ac_cv_env_CEC_LIBS_set=
ac_cv_env_CEC_LIBS_value=
ac_cv_env_CFLAGS_set=
ac_cv_env_CFLAGS_value=
ac_cv_env_CPPFLAGS_set=
ac_cv_env_CPPFLAGS_value=
ac_cv_env_CPP_set=
ac_cv_env_CPP_value=
ac_cv_env_CXXCPP_set=
ac_cv_env_CXXCPP_value=
ac_cv_env_CXXFLAGS_set=
ac_cv_env_CXXFLAGS_value=
ac_cv_env_CXX_set=
ac_cv_env_CXX_value=
ac_cv_env_DBUS_CFLAGS_set=
ac_cv_env_DBUS_CFLAGS_value=
ac_cv_env_DBUS_LIBS_set=
ac_cv_env_DBUS_LIBS_value=
ac_cv_env_FFMPEG_CFLAGS_set=
ac_cv_env_FFMPEG_CFLAGS_value=
ac_cv_env_FFMPEG_LIBS_set=
ac_cv_env_FFMPEG_LIBS_value=
ac_cv_env_FONTCONFIG_CFLAGS_set=
ac_cv_env_FONTCONFIG_CFLAGS_value=
ac_cv_env_FONTCONFIG_LIBS_set=
ac_cv_env_FONTCONFIG_LIBS_value=
ac_cv_env_FREETYPE2_CFLAGS_set=
ac_cv_env_FREETYPE2_CFLAGS_value=
ac_cv_env_FREETYPE2_LIBS_set=
ac_cv_env_FREETYPE2_LIBS_value=
ac_cv_env_FRIBIDI_CFLAGS_set=
ac_cv_env_FRIBIDI_CFLAGS_value=
ac_cv_env_FRIBIDI_LIBS_set=
ac_cv_env_FRIBIDI_LIBS_value=
ac_cv_env_HAL_CFLAGS_set=
ac_cv_env_HAL_CFLAGS_value=
ac_cv_env_HAL_LIBS_set=
ac_cv_env_HAL_LIBS_value=
ac_cv_env_HAL_STORAGE_CFLAGS_set=
ac_cv_env_HAL_STORAGE_CFLAGS_value=
ac_cv_env_HAL_STORAGE_LIBS_set=
ac_cv_env_HAL_STORAGE_LIBS_value=
ac_cv_env_LDFLAGS_set=
ac_cv_env_LDFLAGS_value=
ac_cv_env_LIBBLURAY_CFLAGS_set=
ac_cv_env_LIBBLURAY_CFLAGS_value=
ac_cv_env_LIBBLURAY_LIBS_set=
ac_cv_env_LIBBLURAY_LIBS_value=
ac_cv_env_LIBS_set=
ac_cv_env_LIBS_value=
ac_cv_env_OPENMAX_CFLAGS_set=
ac_cv_env_OPENMAX_CFLAGS_value=
ac_cv_env_OPENMAX_LIBS_set=
ac_cv_env_OPENMAX_LIBS_value=
ac_cv_env_PCRECPP_CFLAGS_set=
ac_cv_env_PCRECPP_CFLAGS_value=
ac_cv_env_PCRECPP_LIBS_set=
ac_cv_env_PCRECPP_LIBS_value=
ac_cv_env_PCRE_CFLAGS_set=
ac_cv_env_PCRE_CFLAGS_value=
ac_cv_env_PCRE_LIBS_set=
ac_cv_env_PCRE_LIBS_value=
ac_cv_env_PKG_CONFIG_LIBDIR_set=
ac_cv_env_PKG_CONFIG_LIBDIR_value=
ac_cv_env_PKG_CONFIG_PATH_set=
ac_cv_env_PKG_CONFIG_PATH_value=
ac_cv_env_PKG_CONFIG_set=
ac_cv_env_PKG_CONFIG_value=
ac_cv_env_PNG_CFLAGS_set=
ac_cv_env_PNG_CFLAGS_value=
ac_cv_env_PNG_LIBS_set=
ac_cv_env_PNG_LIBS_value=
ac_cv_env_PYTHON_VERSION_set=
ac_cv_env_PYTHON_VERSION_value=
ac_cv_env_SAMPLERATE_CFLAGS_set=
ac_cv_env_SAMPLERATE_CFLAGS_value=
ac_cv_env_SAMPLERATE_LIBS_set=
ac_cv_env_SAMPLERATE_LIBS_value=
ac_cv_env_SDL_CFLAGS_set=
ac_cv_env_SDL_CFLAGS_value=
ac_cv_env_SDL_LIBS_set=
ac_cv_env_SDL_LIBS_value=
ac_cv_env_SQLITE3_CFLAGS_set=
ac_cv_env_SQLITE3_CFLAGS_value=
ac_cv_env_SQLITE3_LIBS_set=
ac_cv_env_SQLITE3_LIBS_value=
ac_cv_env_UDEV_CFLAGS_set=
ac_cv_env_UDEV_CFLAGS_value=
ac_cv_env_UDEV_LIBS_set=
ac_cv_env_UDEV_LIBS_value=
ac_cv_env_USB_CFLAGS_set=
ac_cv_env_USB_CFLAGS_value=
ac_cv_env_USB_LIBS_set=
ac_cv_env_USB_LIBS_value=
ac_cv_env_X11_CFLAGS_set=
ac_cv_env_X11_CFLAGS_value=
ac_cv_env_X11_LIBS_set=
ac_cv_env_X11_LIBS_value=
ac_cv_env_XEXT_CFLAGS_set=
ac_cv_env_XEXT_CFLAGS_value=
ac_cv_env_XEXT_LIBS_set=
ac_cv_env_XEXT_LIBS_value=
ac_cv_env_XMU_CFLAGS_set=
ac_cv_env_XMU_CFLAGS_value=
ac_cv_env_XMU_LIBS_set=
ac_cv_env_XMU_LIBS_value=
ac_cv_env_XT_CFLAGS_set=
ac_cv_env_XT_CFLAGS_value=
ac_cv_env_XT_LIBS_set=
ac_cv_env_XT_LIBS_value=
ac_cv_env_build_alias_set=
ac_cv_env_build_alias_value=
ac_cv_env_host_alias_set=
ac_cv_env_host_alias_value=
ac_cv_env_target_alias_set=
ac_cv_env_target_alias_value=
ac_cv_path_install='/usr/bin/install -c'
ac_cv_path_mkdir=/bin/mkdir
ac_cv_prog_AWK=gawk
ac_cv_prog_make_make_set=yes

## ----------------- ##
## Output variables. ##
## ----------------- ##

ACLOCAL=''
AFPCLIENT_SONAME=''
ALLOCA=''
ALSA_CFLAGS=''
ALSA_LIBS=''
AMDEPBACKSLASH=''
AMDEP_FALSE=''
AMDEP_TRUE=''
AMTAR=''
AR=''
ARCH=''
ARCH_DEFINES=''
ASS_SONAME=''
AUTOCONF=''
AUTOHEADER=''
AUTOMAKE=''
AWK='gawk'
BLURAY_SONAME=''
BUILD_DVDCSS=''
CC=''
CCACHE=''
CCDEPMODE=''
CDIO_CFLAGS=''
CDIO_LIBS=''
CEC_CFLAGS=''
CEC_LIBS=''
CFLAGS=''
CPP=''
CPPFLAGS=''
CRYSTALHD_SONAME=''
CURL_SONAME=''
CXX=''
CXXCPP=''
CXXDEPMODE=''
CXXFLAGS=''
CYGPATH_W=''
DBUS_CFLAGS=''
DBUS_LIBS=''
DEFS=''
DEPDIR=''
DISABLE_GOOM=''
DISABLE_PROJECTM=''
DISABLE_RSXS=''
DSYMUTIL=''
DUMPBIN=''
ECHO_C=''
ECHO_N='-n'
ECHO_T=''
EGREP=''
EXEEXT=''
FFMPEG_CFLAGS=''
FFMPEG_LIBS=''
FGREP=''
FLAC_SONAME=''
FONTCONFIG_CFLAGS=''
FONTCONFIG_LIBS=''
FREETYPE2_CFLAGS=''
FREETYPE2_LIBS=''
FRIBIDI_CFLAGS=''
FRIBIDI_LIBS=''
GREP=''
HAL_CFLAGS=''
HAL_LIBS=''
HAL_STORAGE_CFLAGS=''
HAL_STORAGE_LIBS=''
HAVE_CMAKE=''
HAVE_FPC=''
HAVE_GAWK=''
HAVE_GDC=''
HAVE_GIT=''
HAVE_GPERF=''
HAVE_LIBBLURAY=''
HAVE_NASM=''
HAVE_UNZIP=''
HAVE_XBMC_NONFREE=''
HAVE_ZIP=''
INCLUDES=''
INSTALL_DATA='${INSTALL} -m 644'
INSTALL_PROGRAM='${INSTALL}'
INSTALL_SCRIPT='${INSTALL}'
INSTALL_STRIP_PROGRAM='$(install_sh) -c -s'
LD=''
LDFLAGS=''
LIBASS_BASENAME=''
LIBBLURAY_CFLAGS=''
LIBBLURAY_LIBS=''
LIBCEC_SONAME=''
LIBCURL_BASENAME=''
LIBFLAC_BASENAME=''
LIBMAD_BASENAME=''
LIBMEPG2_BASENAME=''
LIBMODPLUG_BASENAME=''
LIBOBJS=''
LIBOGG_BASENAME=''
LIBS=''
LIBTOOL=''
LIBVORBISENC_BASENAME=''
LIBVORBISFILE_BASENAME=''
LIBVORBIS_BASENAME=''
LIPO=''
LN_S=''
LTLIBOBJS=''
MAD_SONAME=''
MAKEINFO=''
MKDIR_P='/bin/mkdir -p'
MODPLUG_SONAME=''
MPEG2_SONAME=''
MYSQL_CONFIG=''
MYSQL_LIBS=''
NFS_SONAME=''
NM=''
NMEDIT=''
OBJDUMP=''
OBJEXT=''
OGG_SONAME=''
OPENMAX_CFLAGS=''
OPENMAX_LIBS=''
OTOOL64=''
OTOOL=''
OUTPUT_FILES=''
PACKAGE=''
PACKAGE_BUGREPORT='http://trac.xbmc.org'
PACKAGE_NAME='xbmc'
PACKAGE_STRING='xbmc 11.0'
PACKAGE_TARNAME='xbmc'
PACKAGE_URL=''
PACKAGE_VERSION='11.0'
PATH_SEPARATOR=':'
PCRECPP_CFLAGS=''
PCRECPP_LIBS=''
PCRE_CFLAGS=''
PCRE_LIBS=''
PKG_CONFIG=''
PKG_CONFIG_LIBDIR=''
PKG_CONFIG_PATH=''
PLIST_SONAME=''
PNG_CFLAGS=''
PNG_LIBS=''
POW_LIB=''
PYTHON=''
PYTHON_CPPFLAGS=''
PYTHON_EXTRA_LDFLAGS=''
PYTHON_EXTRA_LIBS=''
PYTHON_LDFLAGS=''
PYTHON_SITE_PKG=''
PYTHON_VERSION=''
RANLIB=''
RTMP_SONAME=''
SAMPLERATE_CFLAGS=''
SAMPLERATE_LIBS=''
SDL_CFLAGS=''
SDL_DEFINES=''
SDL_LIBS=''
SED=''
SET_MAKE=''
SHAIRPORT_SONAME=''
SHELL='/bin/bash'
SQLITE3_CFLAGS=''
SQLITE3_LIBS=''
STRIP=''
UDEV_CFLAGS=''
UDEV_LIBS=''
USB_CFLAGS=''
USB_LIBS=''
USE_AIRPLAY=''
USE_AIRTUNES=''
USE_ALSA=''
USE_ASAP_CODEC=''
USE_CRYSTALHD=''
USE_EXTERNAL_FFMPEG=''
USE_LIBAFPCLIENT=''
USE_LIBCEC=''
USE_LIBNFS=''
USE_LIBSMBCLIENT=''
USE_LIBUDEV=''
USE_LIBUSB=''
USE_OPENGL=''
USE_OPENGLES=''
USE_OPENMAX=''
USE_PULSE=''
USE_SKIN_TOUCHED=''
USE_TEXTUREPACKER=''
USE_TEXTUREPACKER_NATIVE=''
USE_TEXTUREPACKER_NATIVE_ROOT=''
USE_VAAPI=''
USE_VDA=''
USE_VDPAU=''
USE_XRANDR=''
VERSION=''
VORBISENC_SONAME=''
VORBISFILE_SONAME=''
VORBIS_SONAME=''
X11_CFLAGS=''
X11_LIBS=''
XEXT_CFLAGS=''
XEXT_LIBS=''
XMU_CFLAGS=''
XMU_LIBS=''
XT_CFLAGS=''
XT_LIBS=''
ac_ct_CC=''
ac_ct_CXX=''
ac_ct_DUMPBIN=''
am__EXEEXT_FALSE=''
am__EXEEXT_TRUE=''
am__fastdepCC_FALSE=''
am__fastdepCC_TRUE=''
am__fastdepCXX_FALSE=''
am__fastdepCXX_TRUE=''
am__include=''
am__isrc=' -I$(srcdir)'
am__leading_dot='.'
am__quote=''
am__tar=''
am__untar=''
bindir='${exec_prefix}/bin'
build=''
build_alias=''
build_cpu=''
build_os=''
build_vendor=''
datadir='${datarootdir}'
datarootdir='${prefix}/share'
docdir='${datarootdir}/doc/${PACKAGE_TARNAME}'
dvidir='${docdir}'
exec_prefix='NONE'
host=''
host_alias=''
host_cpu=''
host_os=''
host_vendor=''
htmldir='${docdir}'
includedir='${prefix}/include'
infodir='${datarootdir}/info'
install_sh='${SHELL} /home/fred/Xbmc/xbmc/build-aux/install-sh'
libdir='${exec_prefix}/lib'
libexecdir='${exec_prefix}/libexec'
localedir='${datarootdir}/locale'
localstatedir='${prefix}/var'
lt_ECHO='echo'
mandir='${datarootdir}/man'
mkdir_p='/bin/mkdir -p'
oldincludedir='/usr/include'
pdfdir='${docdir}'
prefix='NONE'
program_transform_name='s,x,x,'
psdir='${docdir}'
sbindir='${exec_prefix}/sbin'
sharedstatedir='${prefix}/com'
sysconfdir='${prefix}/etc'
target_alias=''

## ------------------- ##
## File substitutions. ##
## ------------------- ##

XBMC_STANDALONE_SH_PULSE=''

## ----------- ##
## confdefs.h. ##
## ----------- ##

/* confdefs.h */
#define PACKAGE_NAME "xbmc"
#define PACKAGE_TARNAME "xbmc"
#define PACKAGE_VERSION "11.0"
#define PACKAGE_STRING "xbmc 11.0"
#define PACKAGE_BUGREPORT "http://trac.xbmc.org"
#define PACKAGE_URL ""

configure: exit 1
